  Heap.cpp
  main.cpp
main.cpp(124): warning C4005: 'INFINITY': macro redefinition
  C:\Program Files (x86)\Windows Kits\10\Include\10.0.16299.0\ucrt\corecrt_math.h(89): note: see previous definition of 'INFINITY'
main.cpp(175): warning C4305: 'initializing': truncation from 'double' to 'float'
main.cpp(181): warning C4305: 'argument': truncation from 'double' to 'const float'
main.cpp(190): warning C4305: 'initializing': truncation from 'double' to 'float'
main.cpp(292): warning C4244: 'initializing': conversion from 'double' to 'float', possible loss of data
main.cpp(293): warning C4244: 'initializing': conversion from 'double' to 'float', possible loss of data
main.cpp(338): warning C4244: 'initializing': conversion from 'double' to 'float', possible loss of data
main.cpp(339): warning C4244: 'initializing': conversion from 'double' to 'float', possible loss of data
main.cpp(419): warning C4018: '<': signed/unsigned mismatch
main.cpp(449): warning C4244: 'argument': conversion from 'int' to 'float', possible loss of data
main.cpp(456): warning C4244: 'argument': conversion from 'int' to 'float', possible loss of data
main.cpp(512): warning C4244: 'argument': conversion from 'double' to 'const float', possible loss of data
main.cpp(574): warning C4244: '=': conversion from 'double' to 'float', possible loss of data
  MemoryPool.cpp
  Sphere.cpp
  tinystr.cpp
  tinyxml.cpp
  tinyxmlerror.cpp
  tinyxmlparser.cpp
  Vec3.cpp
  Generating code
  645 of 645 functions (100.0%) were compiled, the rest were copied from previous compilation.
    0 functions were new in current compilation
    0 functions had inline decision re-evaluated but remain unchanged
  Finished generating code
  RayTracerSmall.vcxproj -> C:\Users\h028617e\Documents\RayTracerFramework\RayTracerFramework\Release\RayTracerSmall.exe
